
PostgreSQL的官方网站 https://www.postgresql.org/

在官方网站中可以直接下载到开发版本和可以用作源代码版本的内容。

github 的网址 https://github.com/postgres

原来的版本是 x.y.z， 其中x.y是大版本号，y到一定数量先x进位，z是x.y大版本下的小版本号，每次只是修复错误。
在2016的世界大会上决定，改使用x.y的版本号，x是大版本，y是小版本。

所以9.6.z是最后一个双位的大版本编号。 10.z是单位的编号。
一般情况下，偶数版本主要更新新特性，奇数版本优化代码，执行速度和完善新特性。

每年一个大版本。每个版本支持3年的更新，一般正式发布理论上可以用作生产，不会出现大问题。但为了保险起见，一般推荐在小版本10之后使用，因为足够稳定了。

在官方网站上  about -> Feature Matrix 可以对比看到更加详细和对比的功能对比矩阵。

每个新版本会有几个新功能，性能和速度的新功能会优先添加。
数据库的稳定性相当稳定。

认证 PostgreSQL-CE ，考试形式：选择题

主要优势，
1，BSD的开源协议允许你随意使用，随意乱改。
2，很多扩展主键，如果你乐意，可以直接成为异构数据库的框架
3，分支非常多，著名分支,postgis,cuitsDB,greenlum,vitessdb , timescaledb,pipelinedb ...
4，标准的SQL标准支持，完善的函数和分析函数
5，稳定的社区和开发团队，值得信赖的品质。

缺点
1，MVCC是基于行版本，需要使用VACUUM进行解决deadtup，该问题将在PostgreSQL 12中彻底解决。
2，事务id号需要用VACUUM进行重置
3，日志非常大，极度保守的开发，以致于几乎把块都写入到日志里，日志会非常大。
4，分布式不是社区主线版本，虽然有bdr计划，PostgreSQL-XL，X2，XC等分布式计划，但是主线版本遥遥无期。
